<?xml version="1.0" encoding="UTF-8"?>
<!-- Generated by org.testng.reporters.JUnitXMLReporter -->
<testsuite ignored="6" hostname="DESKTOP-EIKMQID" failures="0" tests="12" name="Test" time="0.289" errors="0" timestamp="2023-05-28T08:35:28 IST">
  <testcase classname="testNGFlags.Flags7" name="ft1" time="0.021"/>
  <testcase classname="testNGFlags.Flags7" name="ft2" time="0.007"/>
  <testcase classname="testNGFlags.Flags7" name="ft3" time="0.018"/>
  <testcase classname="testNGFlags.Flags7" name="ft4" time="0.008"/>
  <testcase classname="testNGFlags.Flags7" name="ft5" time="0.003"/>
  <testcase classname="testNGFlags.Flags7" name="ft6" time="0.008"/>
  <testcase classname="testNGFlags.Flags7" name="st1" time="0.005"/>
  <testcase classname="testNGFlags.Flags7" name="st2" time="0.007"/>
  <testcase classname="testNGFlags.Flags7" name="st3" time="0.004"/>
  <testcase classname="testNGFlags.Flags7" name="st4" time="0.011"/>
  <testcase classname="testNGFlags.Flags7" name="st5" time="0.007"/>
  <testcase classname="testNGFlags.Flags7" name="st6" time="0.006"/>
  <testcase classname="testNGFlags.Flags7" name="it4" time="0.0">
    <ignored/>
  </testcase> <!-- it4 -->
  <testcase classname="testNGFlags.Flags7" name="it6" time="0.0">
    <ignored/>
  </testcase> <!-- it6 -->
  <testcase classname="testNGFlags.Flags7" name="it3" time="0.0">
    <ignored/>
  </testcase> <!-- it3 -->
  <testcase classname="testNGFlags.Flags7" name="it5" time="0.0">
    <ignored/>
  </testcase> <!-- it5 -->
  <testcase classname="testNGFlags.Flags7" name="it2" time="0.0">
    <ignored/>
  </testcase> <!-- it2 -->
  <testcase classname="testNGFlags.Flags7" name="it1" time="0.0">
    <ignored/>
  </testcase> <!-- it1 -->
</testsuite> <!-- Test -->
