<?xml version="1.0" encoding="UTF-8"?>
<!-- Generated by org.testng.reporters.JUnitXMLReporter -->
<testsuite ignored="0" hostname="DESKTOP-EIKMQID" failures="0" tests="3" name="Test" time="31.283" errors="0" timestamp="2023-05-24T10:38:05 IST">
  <testcase classname="testNGPackage2.Test4" name="test4" time="27.569"/>
  <testcase classname="testNGPackage2.Test6" name="test6" time="27.923"/>
  <testcase classname="testNGPackage2.Test5" name="test5" time="31.216"/>
</testsuite> <!-- Test -->
