<?xml version="1.0" encoding="UTF-8"?>
<testng-results ignored="0" total="3" passed="3" failed="0" skipped="0">
  <reporter-output>
  </reporter-output>
  <suite started-at="2023-05-24T10:37:34 IST" name="Suite" finished-at="2023-05-24T10:38:05 IST" duration-ms="31283">
    <groups>
    </groups>
    <test started-at="2023-05-24T10:37:34 IST" name="Test" finished-at="2023-05-24T10:38:05 IST" duration-ms="31283">
      <class name="testNGPackage2.Test4">
        <test-method signature="test4()[pri:0, instance:testNGPackage2.Test4@747edf66]" started-at="2023-05-24T10:37:34 IST" name="test4" finished-at="2023-05-24T10:38:02 IST" duration-ms="27569" status="PASS">
          <reporter-output>
          </reporter-output>
        </test-method> <!-- test4 -->
      </class> <!-- testNGPackage2.Test4 -->
      <class name="testNGPackage2.Test5">
        <test-method signature="test5()[pri:0, instance:testNGPackage2.Test5@cad498c]" started-at="2023-05-24T10:37:34 IST" name="test5" finished-at="2023-05-24T10:38:05 IST" duration-ms="31216" status="PASS">
          <reporter-output>
          </reporter-output>
        </test-method> <!-- test5 -->
      </class> <!-- testNGPackage2.Test5 -->
      <class name="testNGPackage2.Test6">
        <test-method signature="test6()[pri:0, instance:testNGPackage2.Test6@1e6454ec]" started-at="2023-05-24T10:37:34 IST" name="test6" finished-at="2023-05-24T10:38:02 IST" duration-ms="27923" status="PASS">
          <reporter-output>
          </reporter-output>
        </test-method> <!-- test6 -->
      </class> <!-- testNGPackage2.Test6 -->
    </test> <!-- Test -->
  </suite> <!-- Suite -->
</testng-results>
